<?xml version="1.0" encoding="UTF-8"?>
<!-- Generated by org.testng.reporters.JUnitReportReporter -->
<testsuite hostname="DESKTOP-SV17MOP" failures="0" tests="4" name="TestClass.LibraryAPI" time="2.954" errors="0" timestamp="2025-03-30T16:21:34 IST" skipped="0">
  <testcase classname="TestClass.LibraryAPI" name="library" time="0.303"/>
  <testcase classname="TestClass.LibraryAPI" name="library" time="0.969"/>
  <testcase classname="TestClass.LibraryAPI" name="library" time="0.284"/>
  <testcase classname="TestClass.LibraryAPI" name="LibraryAPIBodyFromOutSideFile" time="1.398"/>
</testsuite> <!-- TestClass.LibraryAPI -->
