<?xml version="1.0" encoding="UTF-8"?>
<!-- Generated by org.testng.reporters.JUnitReportReporter -->
<testsuite hostname="DESKTOP-SV17MOP" failures="0" tests="1" name="TestClass.SerializationAndDeserialization" time="2.811" errors="0" timestamp="2025-04-05T12:20:25 IST" skipped="0">
  <testcase classname="TestClass.SerializationAndDeserialization" name="GetCourseDetails" time="2.811"/>
</testsuite> <!-- TestClass.SerializationAndDeserialization -->
