<?xml version="1.0" encoding="UTF-8"?>
<!-- Generated by org.testng.reporters.JUnitReportReporter -->
<testsuite hostname="DESKTOP-SV17MOP" failures="0" tests="1" name="TestClass.CreateAnIssueInJira" time="5.485" errors="0" timestamp="2025-03-30T18:44:21 IST" skipped="0">
  <testcase classname="TestClass.CreateAnIssueInJira" name="CreateAnIssue" time="5.485"/>
</testsuite> <!-- TestClass.CreateAnIssueInJira -->
