<?xml version="1.0" encoding="UTF-8"?>
<!-- Generated by org.testng.reporters.JUnitReportReporter -->
<testsuite hostname="DESKTOP-SV17MOP" failures="0" tests="2" name="TestClass.ComplextJsonSolving" time="1.541" errors="0" timestamp="2025-04-07T15:25:39 IST" skipped="0">
  <testcase classname="TestClass.ComplextJsonSolving" name="ComplexJson" time="1.455"/>
  <testcase classname="TestClass.ComplextJsonSolving" name="ComplexData01" time="0.086"/>
</testsuite> <!-- TestClass.ComplextJsonSolving -->
