<?xml version="1.0" encoding="UTF-8"?>
<!-- Generated by org.testng.reporters.JUnitReportReporter -->
<testsuite hostname="DESKTOP-SV17MOP" failures="0" tests="1" name="TestClass.OauthAPIoperation" time="3.434" errors="0" timestamp="2025-04-04T09:02:15 IST" skipped="0">
  <testcase classname="TestClass.OauthAPIoperation" name="AuthorizationServer" time="3.434"/>
</testsuite> <!-- TestClass.OauthAPIoperation -->
