<?xml version="1.0" encoding="UTF-8"?>
<!-- Generated by org.testng.reporters.JUnitReportReporter -->
<testsuite hostname="DESKTOP-SV17MOP" failures="0" tests="1" name="TestClass.Deserialization" time="3.083" errors="0" timestamp="2025-04-07T15:29:16 IST" skipped="0">
  <testcase classname="TestClass.Deserialization" name="GetCourseDetails" time="3.083"/>
</testsuite> <!-- TestClass.Deserialization -->
